Determining if the pthread_create exist failed with the following output:
Change Dir: /home/rosbot/demo4/build/CMakeFiles/CMakeTmp

Run Build Command:"/usr/bin/make" "cmTC_7176c/fast"
/usr/bin/make -f CMakeFiles/cmTC_7176c.dir/build.make CMakeFiles/cmTC_7176c.dir/build
make[1]: 进入目录“/home/rosbot/demo4/build/CMakeFiles/CMakeTmp”
Building C object CMakeFiles/cmTC_7176c.dir/CheckSymbolExists.c.o
/usr/bin/cc    -o CMakeFiles/cmTC_7176c.dir/CheckSymbolExists.c.o   -c /home/rosbot/demo4/build/CMakeFiles/CMakeTmp/CheckSymbolExists.c
Linking C executable cmTC_7176c
/usr/bin/cmake -E cmake_link_script CMakeFiles/cmTC_7176c.dir/link.txt --verbose=1
/usr/bin/cc      -rdynamic CMakeFiles/cmTC_7176c.dir/CheckSymbolExists.c.o  -o cmTC_7176c 
CMakeFiles/cmTC_7176c.dir/CheckSymbolExists.c.o：在函数‘main’中：
CheckSymbolExists.c:(.text+0x1b)：对‘pthread_create’未定义的引用
collect2: error: ld returned 1 exit status
CMakeFiles/cmTC_7176c.dir/build.make:97: recipe for target 'cmTC_7176c' failed
make[1]: *** [cmTC_7176c] Error 1
make[1]: 离开目录“/home/rosbot/demo4/build/CMakeFiles/CMakeTmp”
Makefile:126: recipe for target 'cmTC_7176c/fast' failed
make: *** [cmTC_7176c/fast] Error 2

File /home/rosbot/demo4/build/CMakeFiles/CMakeTmp/CheckSymbolExists.c:
/* */
#include <pthread.h>

int main(int argc, char** argv)
{
  (void)argv;
#ifndef pthread_create
  return ((int*)(&pthread_create))[argc];
#else
  (void)argc;
  return 0;
#endif
}

Determining if the function pthread_create exists in the pthreads failed with the following output:
Change Dir: /home/rosbot/demo4/build/CMakeFiles/CMakeTmp

Run Build Command:"/usr/bin/make" "cmTC_fd4ce/fast"
/usr/bin/make -f CMakeFiles/cmTC_fd4ce.dir/build.make CMakeFiles/cmTC_fd4ce.dir/build
make[1]: 进入目录“/home/rosbot/demo4/build/CMakeFiles/CMakeTmp”
Building C object CMakeFiles/cmTC_fd4ce.dir/CheckFunctionExists.c.o
/usr/bin/cc   -DCHECK_FUNCTION_EXISTS=pthread_create   -o CMakeFiles/cmTC_fd4ce.dir/CheckFunctionExists.c.o   -c /usr/share/cmake-3.10/Modules/CheckFunctionExists.c
Linking C executable cmTC_fd4ce
/usr/bin/cmake -E cmake_link_script CMakeFiles/cmTC_fd4ce.dir/link.txt --verbose=1
/usr/bin/cc  -DCHECK_FUNCTION_EXISTS=pthread_create    -rdynamic CMakeFiles/cmTC_fd4ce.dir/CheckFunctionExists.c.o  -o cmTC_fd4ce -lpthreads 
/usr/bin/ld: 找不到 -lpthreads
collect2: error: ld returned 1 exit status
CMakeFiles/cmTC_fd4ce.dir/build.make:97: recipe for target 'cmTC_fd4ce' failed
make[1]: *** [cmTC_fd4ce] Error 1
make[1]: 离开目录“/home/rosbot/demo4/build/CMakeFiles/CMakeTmp”
Makefile:126: recipe for target 'cmTC_fd4ce/fast' failed
make: *** [cmTC_fd4ce/fast] Error 2


